<?xml version="1.0" encoding="UTF-8"?>
<testsuite name="com.leeDH.book.IndexControllerTests" tests="1" skipped="0" failures="0" errors="0" timestamp="2020-08-18T08:43:09" hostname="DESKTOP-K3BA05O" time="0.281">
  <properties/>
  <testcase name="mainPage_loading" classname="com.leeDH.book.IndexControllerTests" time="0.281"/>
  <system-out><![CDATA[17:43:04.196 [Test worker] DEBUG org.springframework.test.context.junit4.SpringJUnit4ClassRunner - SpringJUnit4ClassRunner constructor called with [class com.leeDH.book.IndexControllerTests]
17:43:04.196 [Test worker] DEBUG org.springframework.test.context.BootstrapUtils - Instantiating CacheAwareContextLoaderDelegate from class [org.springframework.test.context.cache.DefaultCacheAwareContextLoaderDelegate]
17:43:04.212 [Test worker] DEBUG org.springframework.test.context.BootstrapUtils - Instantiating BootstrapContext using constructor [public org.springframework.test.context.support.DefaultBootstrapContext(java.lang.Class,org.springframework.test.context.CacheAwareContextLoaderDelegate)]
17:43:04.227 [Test worker] DEBUG org.springframework.test.context.BootstrapUtils - Instantiating TestContextBootstrapper for test class [com.leeDH.book.IndexControllerTests] from class [org.springframework.boot.test.context.SpringBootTestContextBootstrapper]
17:43:04.243 [Test worker] INFO org.springframework.boot.test.context.SpringBootTestContextBootstrapper - Neither @ContextConfiguration nor @ContextHierarchy found for test class [com.leeDH.book.IndexControllerTests], using SpringBootContextLoader
17:43:04.243 [Test worker] DEBUG org.springframework.test.context.support.AbstractContextLoader - Did not detect default resource location for test class [com.leeDH.book.IndexControllerTests]: class path resource [com/leeDH/book/IndexControllerTests-context.xml] does not exist
17:43:04.243 [Test worker] DEBUG org.springframework.test.context.support.AbstractContextLoader - Did not detect default resource location for test class [com.leeDH.book.IndexControllerTests]: class path resource [com/leeDH/book/IndexControllerTestsContext.groovy] does not exist
17:43:04.243 [Test worker] INFO org.springframework.test.context.support.AbstractContextLoader - Could not detect default resource locations for test class [com.leeDH.book.IndexControllerTests]: no resource found for suffixes {-context.xml, Context.groovy}.
17:43:04.243 [Test worker] INFO org.springframework.test.context.support.AnnotationConfigContextLoaderUtils - Could not detect default configuration classes for test class [com.leeDH.book.IndexControllerTests]: IndexControllerTests does not declare any static, non-private, non-final, nested classes annotated with @Configuration.
17:43:04.274 [Test worker] DEBUG org.springframework.test.context.support.ActiveProfilesUtils - Could not find an 'annotation declaring class' for annotation type [org.springframework.test.context.ActiveProfiles] and class [com.leeDH.book.IndexControllerTests]
17:43:04.352 [Test worker] DEBUG org.springframework.context.annotation.ClassPathScanningCandidateComponentProvider - Identified candidate component class: file [C:\Users\djrl0\IdeaProjects\Study-2\build\classes\java\main\com\leeDH\book\Application.class]
17:43:04.368 [Test worker] INFO org.springframework.boot.test.context.SpringBootTestContextBootstrapper - Found @SpringBootConfiguration com.leeDH.book.Application for test class com.leeDH.book.IndexControllerTests
17:43:04.446 [Test worker] DEBUG org.springframework.boot.test.context.SpringBootTestContextBootstrapper - @TestExecutionListeners is not present for class [com.leeDH.book.IndexControllerTests]: using defaults.
17:43:04.446 [Test worker] INFO org.springframework.boot.test.context.SpringBootTestContextBootstrapper - Loaded default TestExecutionListener class names from location [META-INF/spring.factories]: [org.springframework.boot.test.autoconfigure.restdocs.RestDocsTestExecutionListener, org.springframework.boot.test.autoconfigure.web.client.MockRestServiceServerResetTestExecutionListener, org.springframework.boot.test.autoconfigure.web.servlet.MockMvcPrintOnlyOnFailureTestExecutionListener, org.springframework.boot.test.autoconfigure.web.servlet.WebDriverTestExecutionListener, org.springframework.boot.test.mock.mockito.MockitoTestExecutionListener, org.springframework.boot.test.mock.mockito.ResetMocksTestExecutionListener, org.springframework.test.context.web.ServletTestExecutionListener, org.springframework.test.context.support.DirtiesContextBeforeModesTestExecutionListener, org.springframework.test.context.support.DependencyInjectionTestExecutionListener, org.springframework.test.context.support.DirtiesContextTestExecutionListener, org.springframework.test.context.transaction.TransactionalTestExecutionListener, org.springframework.test.context.jdbc.SqlScriptsTestExecutionListener]
17:43:04.462 [Test worker] INFO org.springframework.boot.test.context.SpringBootTestContextBootstrapper - Using TestExecutionListeners: [org.springframework.test.context.web.ServletTestExecutionListener@4187e624, org.springframework.test.context.support.DirtiesContextBeforeModesTestExecutionListener@121652e7, org.springframework.boot.test.mock.mockito.MockitoTestExecutionListener@31c7b0a2, org.springframework.boot.test.autoconfigure.SpringBootDependencyInjectionTestExecutionListener@5180b512, org.springframework.test.context.support.DirtiesContextTestExecutionListener@2f48cfc0, org.springframework.test.context.transaction.TransactionalTestExecutionListener@fe921a4, org.springframework.test.context.jdbc.SqlScriptsTestExecutionListener@327c25b, org.springframework.boot.test.autoconfigure.restdocs.RestDocsTestExecutionListener@575bdf08, org.springframework.boot.test.autoconfigure.web.client.MockRestServiceServerResetTestExecutionListener@3e043cec, org.springframework.boot.test.autoconfigure.web.servlet.MockMvcPrintOnlyOnFailureTestExecutionListener@78a6ce89, org.springframework.boot.test.autoconfigure.web.servlet.WebDriverTestExecutionListener@452efedc, org.springframework.boot.test.mock.mockito.ResetMocksTestExecutionListener@4c84caee]
17:43:04.462 [Test worker] DEBUG org.springframework.test.annotation.ProfileValueUtils - Retrieved @ProfileValueSourceConfiguration [null] for test class [com.leeDH.book.IndexControllerTests]
17:43:04.462 [Test worker] DEBUG org.springframework.test.annotation.ProfileValueUtils - Retrieved ProfileValueSource type [class org.springframework.test.annotation.SystemProfileValueSource] for class [com.leeDH.book.IndexControllerTests]
17:43:04.462 [Test worker] DEBUG org.springframework.test.annotation.ProfileValueUtils - Retrieved @ProfileValueSourceConfiguration [null] for test class [com.leeDH.book.IndexControllerTests]
17:43:04.462 [Test worker] DEBUG org.springframework.test.annotation.ProfileValueUtils - Retrieved ProfileValueSource type [class org.springframework.test.annotation.SystemProfileValueSource] for class [com.leeDH.book.IndexControllerTests]
17:43:04.462 [Test worker] DEBUG org.springframework.test.annotation.ProfileValueUtils - Retrieved @ProfileValueSourceConfiguration [null] for test class [com.leeDH.book.IndexControllerTests]
17:43:04.462 [Test worker] DEBUG org.springframework.test.annotation.ProfileValueUtils - Retrieved ProfileValueSource type [class org.springframework.test.annotation.SystemProfileValueSource] for class [com.leeDH.book.IndexControllerTests]
17:43:04.462 [Test worker] DEBUG org.springframework.test.context.support.AbstractDirtiesContextTestExecutionListener - Before test class: context [DefaultTestContext@2676d71f testClass = IndexControllerTests, testInstance = [null], testMethod = [null], testException = [null], mergedContextConfiguration = [WebMergedContextConfiguration@6a7e1317 testClass = IndexControllerTests, locations = '{}', classes = '{class com.leeDH.book.Application}', contextInitializerClasses = '[]', activeProfiles = '{}', propertySourceLocations = '{}', propertySourceProperties = '{org.springframework.boot.test.context.SpringBootTestContextBootstrapper=true, server.port=0}', contextCustomizers = set[org.springframework.boot.test.autoconfigure.properties.PropertyMappingContextCustomizer@0, org.springframework.boot.test.autoconfigure.web.servlet.WebDriverContextCustomizerFactory$Customizer@32482eb6, org.springframework.boot.test.context.filter.ExcludeFilterContextCustomizer@1348bd8f, org.springframework.boot.test.json.DuplicateJsonObjectContextCustomizerFactory$DuplicateJsonObjectContextCustomizer@528f9121, org.springframework.boot.test.mock.mockito.MockitoContextCustomizer@0, org.springframework.boot.test.web.client.TestRestTemplateContextCustomizer@2d273954], resourceBasePath = 'src/main/webapp', contextLoader = 'org.springframework.boot.test.context.SpringBootContextLoader', parent = [null]], attributes = map['org.springframework.test.context.web.ServletTestExecutionListener.activateListener' -> false]], class annotated with @DirtiesContext [false] with mode [null].
17:43:04.477 [Test worker] DEBUG org.springframework.test.annotation.ProfileValueUtils - Retrieved @ProfileValueSourceConfiguration [null] for test class [com.leeDH.book.IndexControllerTests]
17:43:04.477 [Test worker] DEBUG org.springframework.test.annotation.ProfileValueUtils - Retrieved ProfileValueSource type [class org.springframework.test.annotation.SystemProfileValueSource] for class [com.leeDH.book.IndexControllerTests]
17:43:04.477 [Test worker] DEBUG org.springframework.test.context.support.DependencyInjectionTestExecutionListener - Performing dependency injection for test context [[DefaultTestContext@2676d71f testClass = IndexControllerTests, testInstance = com.leeDH.book.IndexControllerTests@2719a2ea, testMethod = [null], testException = [null], mergedContextConfiguration = [WebMergedContextConfiguration@6a7e1317 testClass = IndexControllerTests, locations = '{}', classes = '{class com.leeDH.book.Application}', contextInitializerClasses = '[]', activeProfiles = '{}', propertySourceLocations = '{}', propertySourceProperties = '{org.springframework.boot.test.context.SpringBootTestContextBootstrapper=true, server.port=0}', contextCustomizers = set[org.springframework.boot.test.autoconfigure.properties.PropertyMappingContextCustomizer@0, org.springframework.boot.test.autoconfigure.web.servlet.WebDriverContextCustomizerFactory$Customizer@32482eb6, org.springframework.boot.test.context.filter.ExcludeFilterContextCustomizer@1348bd8f, org.springframework.boot.test.json.DuplicateJsonObjectContextCustomizerFactory$DuplicateJsonObjectContextCustomizer@528f9121, org.springframework.boot.test.mock.mockito.MockitoContextCustomizer@0, org.springframework.boot.test.web.client.TestRestTemplateContextCustomizer@2d273954], resourceBasePath = 'src/main/webapp', contextLoader = 'org.springframework.boot.test.context.SpringBootContextLoader', parent = [null]], attributes = map['org.springframework.test.context.web.ServletTestExecutionListener.activateListener' -> false]]].
17:43:04.493 [Test worker] DEBUG org.springframework.test.context.support.TestPropertySourceUtils - Adding inlined properties to environment: {spring.jmx.enabled=false, org.springframework.boot.test.context.SpringBootTestContextBootstrapper=true, server.port=0}

  .   ____          _            __ _ _
 /\\ / ___'_ __ _ _(_)_ __  __ _ \ \ \ \
( ( )\___ | '_ | '_| | '_ \/ _` | \ \ \ \
 \\/  ___)| |_)| | | | | || (_| |  ) ) ) )
  '  |____| .__|_| |_|_| |_\__, | / / / /
 =========|_|==============|___/=/_/_/_/
 :: Spring Boot ::        (v2.1.9.RELEASE)

2020-08-18 17:43:04.696  INFO 3868 --- [    Test worker] com.leeDH.book.IndexControllerTests      : Starting IndexControllerTests on DESKTOP-K3BA05O with PID 3868 (started by djrl0 in C:\Users\djrl0\IdeaProjects\Study-2)
2020-08-18 17:43:04.696  INFO 3868 --- [    Test worker] com.leeDH.book.IndexControllerTests      : No active profile set, falling back to default profiles: default
2020-08-18 17:43:05.370  INFO 3868 --- [    Test worker] .s.d.r.c.RepositoryConfigurationDelegate : Bootstrapping Spring Data repositories in DEFAULT mode.
2020-08-18 17:43:05.427  INFO 3868 --- [    Test worker] .s.d.r.c.RepositoryConfigurationDelegate : Finished Spring Data repository scanning in 49ms. Found 1 repository interfaces.
2020-08-18 17:43:05.817  INFO 3868 --- [    Test worker] trationDelegate$BeanPostProcessorChecker : Bean 'org.springframework.transaction.annotation.ProxyTransactionManagementConfiguration' of type [org.springframework.transaction.annotation.ProxyTransactionManagementConfiguration$$EnhancerBySpringCGLIB$$a9382646] is not eligible for getting processed by all BeanPostProcessors (for example: not eligible for auto-proxying)
2020-08-18 17:43:06.192  INFO 3868 --- [    Test worker] o.s.b.w.embedded.tomcat.TomcatWebServer  : Tomcat initialized with port(s): 0 (http)
2020-08-18 17:43:06.208  INFO 3868 --- [    Test worker] o.apache.catalina.core.StandardService   : Starting service [Tomcat]
2020-08-18 17:43:06.208  INFO 3868 --- [    Test worker] org.apache.catalina.core.StandardEngine  : Starting Servlet engine: [Apache Tomcat/9.0.26]
2020-08-18 17:43:06.348  INFO 3868 --- [    Test worker] o.a.c.c.C.[Tomcat].[localhost].[/]       : Initializing Spring embedded WebApplicationContext
2020-08-18 17:43:06.348  INFO 3868 --- [    Test worker] o.s.web.context.ContextLoader            : Root WebApplicationContext: initialization completed in 1636 ms
2020-08-18 17:43:06.567  INFO 3868 --- [    Test worker] com.zaxxer.hikari.HikariDataSource       : HikariPool-1 - Starting...
2020-08-18 17:43:06.708  INFO 3868 --- [    Test worker] com.zaxxer.hikari.HikariDataSource       : HikariPool-1 - Start completed.
2020-08-18 17:43:06.801  INFO 3868 --- [    Test worker] o.hibernate.jpa.internal.util.LogHelper  : HHH000204: Processing PersistenceUnitInfo [
	name: default
	...]
2020-08-18 17:43:06.879  INFO 3868 --- [    Test worker] org.hibernate.Version                    : HHH000412: Hibernate Core {5.3.12.Final}
2020-08-18 17:43:06.879  INFO 3868 --- [    Test worker] org.hibernate.cfg.Environment            : HHH000206: hibernate.properties not found
2020-08-18 17:43:07.036  INFO 3868 --- [    Test worker] o.hibernate.annotations.common.Version   : HCANN000001: Hibernate Commons Annotations {5.0.4.Final}
2020-08-18 17:43:07.207  INFO 3868 --- [    Test worker] org.hibernate.dialect.Dialect            : HHH000400: Using dialect: org.hibernate.dialect.MySQL5InnoDBDialect
Hibernate: drop table if exists posts
Hibernate: create table posts (id bigint not null auto_increment, create_date datetime, modified_date datetime, author varchar(255), content TEXT not null, title varchar(500) not null, primary key (id)) engine=InnoDB
2020-08-18 17:43:07.770  INFO 3868 --- [    Test worker] o.h.t.schema.internal.SchemaCreatorImpl  : HHH000476: Executing import script 'org.hibernate.tool.schema.internal.exec.ScriptSourceInputNonExistentImpl@2086b0df'
2020-08-18 17:43:07.770  INFO 3868 --- [    Test worker] j.LocalContainerEntityManagerFactoryBean : Initialized JPA EntityManagerFactory for persistence unit 'default'
2020-08-18 17:43:08.754  INFO 3868 --- [    Test worker] o.s.s.concurrent.ThreadPoolTaskExecutor  : Initializing ExecutorService 'applicationTaskExecutor'
2020-08-18 17:43:08.816  WARN 3868 --- [    Test worker] aWebConfiguration$JpaWebMvcConfiguration : spring.jpa.open-in-view is enabled by default. Therefore, database queries may be performed during view rendering. Explicitly configure spring.jpa.open-in-view to disable this warning
2020-08-18 17:43:08.879  INFO 3868 --- [    Test worker] o.s.b.a.w.s.WelcomePageHandlerMapping    : Adding welcome page template: index
2020-08-18 17:43:09.256  INFO 3868 --- [    Test worker] s.a.ScheduledAnnotationBeanPostProcessor : No TaskScheduler/ScheduledExecutorService bean found for scheduled processing
2020-08-18 17:43:09.282  INFO 3868 --- [    Test worker] o.s.b.w.embedded.tomcat.TomcatWebServer  : Tomcat started on port(s): 61587 (http) with context path ''
2020-08-18 17:43:09.284  INFO 3868 --- [    Test worker] com.leeDH.book.IndexControllerTests      : Started IndexControllerTests in 4.791 seconds (JVM running for 5.722)
2020-08-18 17:43:09.434  INFO 3868 --- [o-auto-1-exec-1] o.a.c.c.C.[Tomcat].[localhost].[/]       : Initializing Spring DispatcherServlet 'dispatcherServlet'
2020-08-18 17:43:09.434  INFO 3868 --- [o-auto-1-exec-1] o.s.web.servlet.DispatcherServlet        : Initializing Servlet 'dispatcherServlet'
2020-08-18 17:43:09.453  INFO 3868 --- [o-auto-1-exec-1] o.s.web.servlet.DispatcherServlet        : Completed initialization in 19 ms
]]></system-out>
  <system-err><![CDATA[]]></system-err>
</testsuite>
