<?xml version="1.0" encoding="UTF-8"?>
<testsuite name="com.leeDH.book.domain.posts.PostsReepositoryTests" tests="1" skipped="0" failures="0" errors="0" timestamp="2020-08-13T08:04:39" hostname="DESKTOP-K3BA05O" time="0.356">
  <properties/>
  <testcase name="content_load" classname="com.leeDH.book.domain.posts.PostsReepositoryTests" time="0.356"/>
  <system-out><![CDATA[17:04:34.136 [Test worker] DEBUG org.springframework.test.context.junit4.SpringJUnit4ClassRunner - SpringJUnit4ClassRunner constructor called with [class com.leeDH.book.domain.posts.PostsReepositoryTests]
17:04:34.143 [Test worker] DEBUG org.springframework.test.context.BootstrapUtils - Instantiating CacheAwareContextLoaderDelegate from class [org.springframework.test.context.cache.DefaultCacheAwareContextLoaderDelegate]
17:04:34.151 [Test worker] DEBUG org.springframework.test.context.BootstrapUtils - Instantiating BootstrapContext using constructor [public org.springframework.test.context.support.DefaultBootstrapContext(java.lang.Class,org.springframework.test.context.CacheAwareContextLoaderDelegate)]
17:04:34.167 [Test worker] DEBUG org.springframework.test.context.BootstrapUtils - Instantiating TestContextBootstrapper for test class [com.leeDH.book.domain.posts.PostsReepositoryTests] from class [org.springframework.boot.test.context.SpringBootTestContextBootstrapper]
17:04:34.180 [Test worker] INFO org.springframework.boot.test.context.SpringBootTestContextBootstrapper - Neither @ContextConfiguration nor @ContextHierarchy found for test class [com.leeDH.book.domain.posts.PostsReepositoryTests], using SpringBootContextLoader
17:04:34.183 [Test worker] DEBUG org.springframework.test.context.support.AbstractContextLoader - Did not detect default resource location for test class [com.leeDH.book.domain.posts.PostsReepositoryTests]: class path resource [com/leeDH/book/domain/posts/PostsReepositoryTests-context.xml] does not exist
17:04:34.184 [Test worker] DEBUG org.springframework.test.context.support.AbstractContextLoader - Did not detect default resource location for test class [com.leeDH.book.domain.posts.PostsReepositoryTests]: class path resource [com/leeDH/book/domain/posts/PostsReepositoryTestsContext.groovy] does not exist
17:04:34.184 [Test worker] INFO org.springframework.test.context.support.AbstractContextLoader - Could not detect default resource locations for test class [com.leeDH.book.domain.posts.PostsReepositoryTests]: no resource found for suffixes {-context.xml, Context.groovy}.
17:04:34.184 [Test worker] INFO org.springframework.test.context.support.AnnotationConfigContextLoaderUtils - Could not detect default configuration classes for test class [com.leeDH.book.domain.posts.PostsReepositoryTests]: PostsReepositoryTests does not declare any static, non-private, non-final, nested classes annotated with @Configuration.
17:04:34.223 [Test worker] DEBUG org.springframework.test.context.support.ActiveProfilesUtils - Could not find an 'annotation declaring class' for annotation type [org.springframework.test.context.ActiveProfiles] and class [com.leeDH.book.domain.posts.PostsReepositoryTests]
17:04:34.302 [Test worker] DEBUG org.springframework.context.annotation.ClassPathScanningCandidateComponentProvider - Identified candidate component class: file [C:\Users\djrl0\IdeaProjects\Study-2\build\classes\java\main\com\leeDH\book\Application.class]
17:04:34.303 [Test worker] INFO org.springframework.boot.test.context.SpringBootTestContextBootstrapper - Found @SpringBootConfiguration com.leeDH.book.Application for test class com.leeDH.book.domain.posts.PostsReepositoryTests
17:04:34.395 [Test worker] DEBUG org.springframework.boot.test.context.SpringBootTestContextBootstrapper - @TestExecutionListeners is not present for class [com.leeDH.book.domain.posts.PostsReepositoryTests]: using defaults.
17:04:34.396 [Test worker] INFO org.springframework.boot.test.context.SpringBootTestContextBootstrapper - Loaded default TestExecutionListener class names from location [META-INF/spring.factories]: [org.springframework.security.test.context.support.WithSecurityContextTestExecutionListener, org.springframework.security.test.context.support.ReactorContextTestExecutionListener, org.springframework.boot.test.autoconfigure.restdocs.RestDocsTestExecutionListener, org.springframework.boot.test.autoconfigure.web.client.MockRestServiceServerResetTestExecutionListener, org.springframework.boot.test.autoconfigure.web.servlet.MockMvcPrintOnlyOnFailureTestExecutionListener, org.springframework.boot.test.autoconfigure.web.servlet.WebDriverTestExecutionListener, org.springframework.boot.test.mock.mockito.MockitoTestExecutionListener, org.springframework.boot.test.mock.mockito.ResetMocksTestExecutionListener, org.springframework.test.context.web.ServletTestExecutionListener, org.springframework.test.context.support.DirtiesContextBeforeModesTestExecutionListener, org.springframework.test.context.support.DependencyInjectionTestExecutionListener, org.springframework.test.context.support.DirtiesContextTestExecutionListener, org.springframework.test.context.transaction.TransactionalTestExecutionListener, org.springframework.test.context.jdbc.SqlScriptsTestExecutionListener]
17:04:34.423 [Test worker] INFO org.springframework.boot.test.context.SpringBootTestContextBootstrapper - Using TestExecutionListeners: [org.springframework.test.context.web.ServletTestExecutionListener@2c10242b, org.springframework.test.context.support.DirtiesContextBeforeModesTestExecutionListener@1f724de9, org.springframework.boot.test.mock.mockito.MockitoTestExecutionListener@6f98387b, org.springframework.boot.test.autoconfigure.SpringBootDependencyInjectionTestExecutionListener@f139594, org.springframework.test.context.support.DirtiesContextTestExecutionListener@220fd921, org.springframework.test.context.transaction.TransactionalTestExecutionListener@2f9fc58c, org.springframework.test.context.jdbc.SqlScriptsTestExecutionListener@16a6be4, org.springframework.security.test.context.support.WithSecurityContextTestExecutionListener@1246e168, org.springframework.security.test.context.support.ReactorContextTestExecutionListener@4edce4d0, org.springframework.boot.test.autoconfigure.restdocs.RestDocsTestExecutionListener@1f3eeb22, org.springframework.boot.test.autoconfigure.web.client.MockRestServiceServerResetTestExecutionListener@4d59866a, org.springframework.boot.test.autoconfigure.web.servlet.MockMvcPrintOnlyOnFailureTestExecutionListener@68b17308, org.springframework.boot.test.autoconfigure.web.servlet.WebDriverTestExecutionListener@4162e0aa, org.springframework.boot.test.mock.mockito.ResetMocksTestExecutionListener@296d745f]
17:04:34.426 [Test worker] DEBUG org.springframework.test.annotation.ProfileValueUtils - Retrieved @ProfileValueSourceConfiguration [null] for test class [com.leeDH.book.domain.posts.PostsReepositoryTests]
17:04:34.427 [Test worker] DEBUG org.springframework.test.annotation.ProfileValueUtils - Retrieved ProfileValueSource type [class org.springframework.test.annotation.SystemProfileValueSource] for class [com.leeDH.book.domain.posts.PostsReepositoryTests]
17:04:34.429 [Test worker] DEBUG org.springframework.test.annotation.ProfileValueUtils - Retrieved @ProfileValueSourceConfiguration [null] for test class [com.leeDH.book.domain.posts.PostsReepositoryTests]
17:04:34.430 [Test worker] DEBUG org.springframework.test.annotation.ProfileValueUtils - Retrieved ProfileValueSource type [class org.springframework.test.annotation.SystemProfileValueSource] for class [com.leeDH.book.domain.posts.PostsReepositoryTests]
17:04:34.430 [Test worker] DEBUG org.springframework.test.annotation.ProfileValueUtils - Retrieved @ProfileValueSourceConfiguration [null] for test class [com.leeDH.book.domain.posts.PostsReepositoryTests]
17:04:34.430 [Test worker] DEBUG org.springframework.test.annotation.ProfileValueUtils - Retrieved ProfileValueSource type [class org.springframework.test.annotation.SystemProfileValueSource] for class [com.leeDH.book.domain.posts.PostsReepositoryTests]
17:04:34.434 [Test worker] DEBUG org.springframework.test.context.support.AbstractDirtiesContextTestExecutionListener - Before test class: context [DefaultTestContext@6a0374e testClass = PostsReepositoryTests, testInstance = [null], testMethod = [null], testException = [null], mergedContextConfiguration = [WebMergedContextConfiguration@58b67b52 testClass = PostsReepositoryTests, locations = '{}', classes = '{class com.leeDH.book.Application}', contextInitializerClasses = '[]', activeProfiles = '{}', propertySourceLocations = '{}', propertySourceProperties = '{org.springframework.boot.test.context.SpringBootTestContextBootstrapper=true}', contextCustomizers = set[org.springframework.boot.test.autoconfigure.properties.PropertyMappingContextCustomizer@0, org.springframework.boot.test.autoconfigure.web.servlet.WebDriverContextCustomizerFactory$Customizer@376448de, org.springframework.boot.test.context.filter.ExcludeFilterContextCustomizer@537a4990, org.springframework.boot.test.json.DuplicateJsonObjectContextCustomizerFactory$DuplicateJsonObjectContextCustomizer@106cafb8, org.springframework.boot.test.mock.mockito.MockitoContextCustomizer@0, org.springframework.boot.test.web.client.TestRestTemplateContextCustomizer@30484144], resourceBasePath = 'src/main/webapp', contextLoader = 'org.springframework.boot.test.context.SpringBootContextLoader', parent = [null]], attributes = map['org.springframework.test.context.web.ServletTestExecutionListener.activateListener' -> true]], class annotated with @DirtiesContext [false] with mode [null].
17:04:34.434 [Test worker] DEBUG org.springframework.test.annotation.ProfileValueUtils - Retrieved @ProfileValueSourceConfiguration [null] for test class [com.leeDH.book.domain.posts.PostsReepositoryTests]
17:04:34.434 [Test worker] DEBUG org.springframework.test.annotation.ProfileValueUtils - Retrieved ProfileValueSource type [class org.springframework.test.annotation.SystemProfileValueSource] for class [com.leeDH.book.domain.posts.PostsReepositoryTests]
17:04:34.452 [Test worker] DEBUG org.springframework.test.context.support.TestPropertySourceUtils - Adding inlined properties to environment: {spring.jmx.enabled=false, org.springframework.boot.test.context.SpringBootTestContextBootstrapper=true, server.port=-1}

  .   ____          _            __ _ _
 /\\ / ___'_ __ _ _(_)_ __  __ _ \ \ \ \
( ( )\___ | '_ | '_| | '_ \/ _` | \ \ \ \
 \\/  ___)| |_)| | | | | || (_| |  ) ) ) )
  '  |____| .__|_| |_|_| |_\__, | / / / /
 =========|_|==============|___/=/_/_/_/
 :: Spring Boot ::        (v2.1.9.RELEASE)

2020-08-13 17:04:34.664  INFO 10908 --- [    Test worker] c.l.b.d.posts.PostsReepositoryTests      : Starting PostsReepositoryTests on DESKTOP-K3BA05O with PID 10908 (started by djrl0 in C:\Users\djrl0\IdeaProjects\Study-2)
2020-08-13 17:04:34.666  INFO 10908 --- [    Test worker] c.l.b.d.posts.PostsReepositoryTests      : No active profile set, falling back to default profiles: default
2020-08-13 17:04:35.407  INFO 10908 --- [    Test worker] .s.d.r.c.RepositoryConfigurationDelegate : Bootstrapping Spring Data repositories in DEFAULT mode.
2020-08-13 17:04:35.476  INFO 10908 --- [    Test worker] .s.d.r.c.RepositoryConfigurationDelegate : Finished Spring Data repository scanning in 61ms. Found 1 repository interfaces.
2020-08-13 17:04:36.019  INFO 10908 --- [    Test worker] trationDelegate$BeanPostProcessorChecker : Bean 'org.springframework.transaction.annotation.ProxyTransactionManagementConfiguration' of type [org.springframework.transaction.annotation.ProxyTransactionManagementConfiguration$$EnhancerBySpringCGLIB$$20b8cf7e] is not eligible for getting processed by all BeanPostProcessors (for example: not eligible for auto-proxying)
2020-08-13 17:04:36.266  INFO 10908 --- [    Test worker] com.zaxxer.hikari.HikariDataSource       : HikariPool-1 - Starting...
2020-08-13 17:04:36.465  INFO 10908 --- [    Test worker] com.zaxxer.hikari.HikariDataSource       : HikariPool-1 - Start completed.
2020-08-13 17:04:36.550  INFO 10908 --- [    Test worker] o.hibernate.jpa.internal.util.LogHelper  : HHH000204: Processing PersistenceUnitInfo [
	name: default
	...]
2020-08-13 17:04:36.618  INFO 10908 --- [    Test worker] org.hibernate.Version                    : HHH000412: Hibernate Core {5.3.12.Final}
2020-08-13 17:04:36.619  INFO 10908 --- [    Test worker] org.hibernate.cfg.Environment            : HHH000206: hibernate.properties not found
2020-08-13 17:04:36.762  INFO 10908 --- [    Test worker] o.hibernate.annotations.common.Version   : HCANN000001: Hibernate Commons Annotations {5.0.4.Final}
2020-08-13 17:04:36.916  INFO 10908 --- [    Test worker] org.hibernate.dialect.Dialect            : HHH000400: Using dialect: org.hibernate.dialect.H2Dialect
Hibernate: drop table posts if exists
Hibernate: create table posts (id bigint generated by default as identity, author varchar(255), content TEXT not null, title varchar(500) not null, primary key (id))
2020-08-13 17:04:37.595  INFO 10908 --- [    Test worker] o.h.t.schema.internal.SchemaCreatorImpl  : HHH000476: Executing import script 'org.hibernate.tool.schema.internal.exec.ScriptSourceInputNonExistentImpl@719d3e3a'
2020-08-13 17:04:37.598  INFO 10908 --- [    Test worker] j.LocalContainerEntityManagerFactoryBean : Initialized JPA EntityManagerFactory for persistence unit 'default'
2020-08-13 17:04:38.565  INFO 10908 --- [    Test worker] o.s.s.concurrent.ThreadPoolTaskExecutor  : Initializing ExecutorService 'applicationTaskExecutor'
2020-08-13 17:04:38.644  WARN 10908 --- [    Test worker] aWebConfiguration$JpaWebMvcConfiguration : spring.jpa.open-in-view is enabled by default. Therefore, database queries may be performed during view rendering. Explicitly configure spring.jpa.open-in-view to disable this warning
2020-08-13 17:04:38.849  WARN 10908 --- [    Test worker] o.s.b.a.m.MustacheAutoConfiguration      : Cannot find template location: classpath:/templates/ (please add some templates, check your Mustache configuration, or set spring.mustache.check-template-location=false)
2020-08-13 17:04:39.454  INFO 10908 --- [    Test worker] .s.s.UserDetailsServiceAutoConfiguration : 

Using generated security password: b4e13532-352d-40c5-9f0a-8c84298cfff1

2020-08-13 17:04:39.672  INFO 10908 --- [    Test worker] o.s.s.web.DefaultSecurityFilterChain     : Creating filter chain: any request, [org.springframework.security.web.context.request.async.WebAsyncManagerIntegrationFilter@4c5cf3da, org.springframework.security.web.context.SecurityContextPersistenceFilter@2e7b18bb, org.springframework.security.web.header.HeaderWriterFilter@6273f8ad, org.springframework.security.web.csrf.CsrfFilter@363bc88e, org.springframework.security.web.authentication.logout.LogoutFilter@ab882ba, org.springframework.security.web.authentication.UsernamePasswordAuthenticationFilter@d1df8c7, org.springframework.security.web.authentication.ui.DefaultLoginPageGeneratingFilter@1bea6212, org.springframework.security.web.authentication.ui.DefaultLogoutPageGeneratingFilter@3179b835, org.springframework.security.web.authentication.www.BasicAuthenticationFilter@4d46ad47, org.springframework.security.web.savedrequest.RequestCacheAwareFilter@2363cacf, org.springframework.security.web.servletapi.SecurityContextHolderAwareRequestFilter@50798a5d, org.springframework.security.web.authentication.AnonymousAuthenticationFilter@745053ee, org.springframework.security.web.session.SessionManagementFilter@7dafcefa, org.springframework.security.web.access.ExceptionTranslationFilter@61086558, org.springframework.security.web.access.intercept.FilterSecurityInterceptor@6e371ca7]
2020-08-13 17:04:39.914  INFO 10908 --- [    Test worker] s.a.ScheduledAnnotationBeanPostProcessor : No TaskScheduler/ScheduledExecutorService bean found for scheduled processing
2020-08-13 17:04:39.925  INFO 10908 --- [    Test worker] c.l.b.d.posts.PostsReepositoryTests      : Started PostsReepositoryTests in 5.464 seconds (JVM running for 6.489)
Hibernate: insert into posts (id, author, content, title) values (null, ?, ?, ?)
2020-08-13 17:04:40.120  INFO 10908 --- [    Test worker] o.h.h.i.QueryTranslatorFactoryInitiator  : HHH000397: Using ASTQueryTranslatorFactory
Hibernate: select posts0_.id as id1_0_, posts0_.author as author2_0_, posts0_.content as content3_0_, posts0_.title as title4_0_ from posts posts0_
Hibernate: select posts0_.id as id1_0_, posts0_.author as author2_0_, posts0_.content as content3_0_, posts0_.title as title4_0_ from posts posts0_
Hibernate: delete from posts where id=?
]]></system-out>
  <system-err><![CDATA[]]></system-err>
</testsuite>
